{"c:\\Users\\sebastian.dominguez\\Documents\\Git\\npmAsBuildTool\\app\\helpers\\utils.js":{"path":"c:\\Users\\sebastian.dominguez\\Documents\\Git\\npmAsBuildTool\\app\\helpers\\utils.js","s":{"1":1,"2":2,"3":1,"4":2},"b":{},"f":{"1":2,"2":2},"fnMap":{"1":{"name":"(anonymous_1)","line":3,"loc":{"start":{"line":3,"column":15},"end":{"line":3,"column":27}}},"2":{"name":"(anonymous_2)","line":4,"loc":{"start":{"line":4,"column":15},"end":{"line":4,"column":27}}}},"statementMap":{"1":{"start":{"line":3,"column":0},"end":{"line":3,"column":48}},"2":{"start":{"line":3,"column":29},"end":{"line":3,"column":45}},"3":{"start":{"line":4,"column":0},"end":{"line":4,"column":45}},"4":{"start":{"line":4,"column":29},"end":{"line":4,"column":42}}},"branchMap":{}},"c:\\Users\\sebastian.dominguez\\Documents\\Git\\npmAsBuildTool\\app\\moduleA\\index.js":{"path":"c:\\Users\\sebastian.dominguez\\Documents\\Git\\npmAsBuildTool\\app\\moduleA\\index.js","s":{"1":1,"2":1,"3":1},"b":{},"f":{"1":1,"2":1},"fnMap":{"1":{"name":"moduleA","line":3,"loc":{"start":{"line":3,"column":17},"end":{"line":3,"column":36}}},"2":{"name":"greet","line":5,"loc":{"start":{"line":5,"column":11},"end":{"line":5,"column":28}}}},"statementMap":{"1":{"start":{"line":3,"column":0},"end":{"line":9,"column":2}},"2":{"start":{"line":4,"column":2},"end":{"line":8,"column":4}},"3":{"start":{"line":6,"column":6},"end":{"line":6,"column":39}}},"branchMap":{}},"c:\\Users\\sebastian.dominguez\\Documents\\Git\\npmAsBuildTool\\app\\index.js":{"path":"c:\\Users\\sebastian.dominguez\\Documents\\Git\\npmAsBuildTool\\app\\index.js","s":{"1":1,"2":1,"3":1,"4":1,"5":1},"b":{},"f":{"1":1},"fnMap":{"1":{"name":"app","line":6,"loc":{"start":{"line":6,"column":0},"end":{"line":6,"column":15}}}},"statementMap":{"1":{"start":{"line":3,"column":0},"end":{"line":3,"column":43}},"2":{"start":{"line":4,"column":0},"end":{"line":4,"column":43}},"3":{"start":{"line":6,"column":0},"end":{"line":12,"column":1}},"4":{"start":{"line":8,"column":2},"end":{"line":11,"column":4}},"5":{"start":{"line":14,"column":0},"end":{"line":14,"column":21}}},"branchMap":{}}}