{"c:\\Users\\sebastian.dominguez\\Documents\\Git\\iTest\\app\\helpers.js":{"path":"c:\\Users\\sebastian.dominguez\\Documents\\Git\\iTest\\app\\helpers.js","s":{"1":1,"2":1,"3":1},"b":{},"f":{"1":1,"2":1},"fnMap":{"1":{"name":"(anonymous_1)","line":4,"loc":{"start":{"line":4,"column":8},"end":{"line":4,"column":20}}},"2":{"name":"(anonymous_2)","line":5,"loc":{"start":{"line":5,"column":8},"end":{"line":5,"column":20}}}},"statementMap":{"1":{"start":{"line":3,"column":0},"end":{"line":6,"column":2}},"2":{"start":{"line":4,"column":22},"end":{"line":4,"column":38}},"3":{"start":{"line":5,"column":22},"end":{"line":5,"column":35}}},"branchMap":{}}}