TN:
SF:c:\Users\sebastian.dominguez\Documents\Git\npmAsBuildTool\app\helpers\utils.js
FN:3,(anonymous_1)
FN:4,(anonymous_2)
FNF:2
FNH:2
FNDA:2,(anonymous_1)
FNDA:2,(anonymous_2)
DA:3,2
DA:4,2
LF:2
LH:2
BRF:0
BRH:0
end_of_record
TN:
SF:c:\Users\sebastian.dominguez\Documents\Git\npmAsBuildTool\app\moduleA\index.js
FN:3,moduleA
FN:5,greet
FNF:2
FNH:2
FNDA:1,moduleA
FNDA:1,greet
DA:3,1
DA:4,1
DA:6,1
LF:3
LH:3
BRF:0
BRH:0
end_of_record
TN:
SF:c:\Users\sebastian.dominguez\Documents\Git\npmAsBuildTool\app\index.js
FN:6,app
FNF:1
FNH:1
FNDA:1,app
DA:3,1
DA:4,1
DA:6,1
DA:8,1
DA:14,1
LF:5
LH:5
BRF:0
BRH:0
end_of_record
